<?xml version="1.0" encoding="UTF-8"?>
<!-- Generated by org.testng.reporters.JUnitReportReporter -->
<testsuite hostname="DESKTOP-7V6CHB8" failures="0" tests="1" name="com.api.testcases.CoinDeskAPITest" time="6.502" errors="0" timestamp="2024-12-27T20:37:04 IST" skipped="0">
  <testcase classname="com.api.testcases.CoinDeskAPITest" name="testCurrentPrice" time="6.502"/>
  <system-out/>
</testsuite> <!-- com.api.testcases.CoinDeskAPITest -->
